Build started 9/22/2015 10:20:47 PM.
     1>Project "C:\Users\Arunalu Hasakelum\Desktop\Qt pie charts\OrderBook\OrderBook.vcxproj" on node 2 (build target(s)).
     1>PrepareForBuild:
         Creating directory "C:\Users\Arunalu Hasakelum\Desktop\Qt pie charts\OrderBook\Win32\Debug\".
       InitializeBuildStatus:
         Creating "Debug\OrderBook.unsuccessfulbuild" because "AlwaysCreate" was specified.
       CustomBuild:
         Moc'ing orderbook.h...
         Uic'ing orderbook.ui...
         Rcc'ing orderbook.qrc...
     1>RCC : warning : No resources in 'C:\Users\Arunalu Hasakelum\Desktop\Qt pie charts\OrderBook\orderbook.qrc'.
         
       ClCompile:
         C:\Program Files (x86)\Microsoft Visual Studio 10.0\VC\bin\CL.exe /c /I.\GeneratedFiles /I. /IC:\Newfolder1\5.4\msvc2010_opengl\include /I.\GeneratedFiles\Debug /IC:\Newfolder1\5.4\msvc2010_opengl\include\QtCore /IC:\Newfolder1\5.4\msvc2010_opengl\include\QtGui /IC:\Newfolder1\5.4\msvc2010_opengl\include\QtWidgets /Zi /nologo /W1 /WX- /Od /Oy- /D UNICODE /D WIN32 /D WIN64 /D QT_DLL /D QT_CORE_LIB /D QT_GUI_LIB /D QT_WIDGETS_LIB /Gm- /EHsc /MDd /GS /fp:precise /Zc:wchar_t /Zc:forScope /Fo"Debug\\" /Fd"Debug\vc100.pdb" /Gd /TP /analyze- /errorReport:prompt GeneratedFiles\Debug\moc_orderbook.cpp main.cpp orderbook.cpp
         moc_orderbook.cpp
         main.cpp
         orderbook.cpp
         Generating Code...
         C:\Program Files (x86)\Microsoft Visual Studio 10.0\VC\bin\CL.exe /c /I.\GeneratedFiles /I. /IC:\Newfolder1\5.4\msvc2010_opengl\include /I.\GeneratedFiles\Debug /IC:\Newfolder1\5.4\msvc2010_opengl\include\QtCore /IC:\Newfolder1\5.4\msvc2010_opengl\include\QtGui /IC:\Newfolder1\5.4\msvc2010_opengl\include\QtWidgets /Zi /nologo /W1 /WX- /Od /Oy- /D UNICODE /D WIN32 /D WIN64 /D QT_DLL /D QT_CORE_LIB /D QT_GUI_LIB /D QT_WIDGETS_LIB /Gm- /EHsc /MDd /GS /fp:precise /Zc:wchar_t /Zc:forScope /Fo"Debug\\" /Fd"Debug\vc100.pdb" /Gd /TP /analyze- /errorReport:prompt GeneratedFiles\qrc_orderbook.cpp
         qrc_orderbook.cpp
       Link:
         C:\Program Files (x86)\Microsoft Visual Studio 10.0\VC\bin\link.exe /ERRORREPORT:PROMPT /OUT:"C:\Users\Arunalu Hasakelum\Desktop\Qt pie charts\OrderBook\Win32\Debug\\OrderBook.exe" /NOLOGO /LIBPATH:C:\Newfolder1\5.4\msvc2010_opengl\lib qtmaind.lib Qt5Cored.lib Qt5Guid.lib Qt5Widgetsd.lib kernel32.lib user32.lib gdi32.lib winspool.lib comdlg32.lib advapi32.lib shell32.lib ole32.lib oleaut32.lib uuid.lib odbc32.lib odbccp32.lib /MANIFEST /ManifestFile:"Debug\OrderBook.exe.intermediate.manifest" /MANIFESTUAC:"level='asInvoker' uiAccess='false'" /DEBUG /PDB:"C:\Users\Arunalu Hasakelum\Desktop\Qt pie charts\OrderBook\Win32\Debug\OrderBook.pdb" /SUBSYSTEM:WINDOWS /TLBID:1 /DYNAMICBASE /NXCOMPAT /IMPLIB:"C:\Users\Arunalu Hasakelum\Desktop\Qt pie charts\OrderBook\Win32\Debug\OrderBook.lib" /MACHINE:X86 Debug\moc_orderbook.obj
         Debug\qrc_orderbook.obj
         Debug\main.obj
         Debug\orderbook.obj
         OrderBook.vcxproj -> C:\Users\Arunalu Hasakelum\Desktop\Qt pie charts\OrderBook\Win32\Debug\OrderBook.exe
       Manifest:
         C:\Program Files (x86)\Microsoft SDKs\Windows\v7.0A\bin\mt.exe /nologo /verbose /outputresource:"C:\Users\Arunalu Hasakelum\Desktop\Qt pie charts\OrderBook\Win32\Debug\\OrderBook.exe;#1" /manifest Debug\OrderBook.exe.intermediate.manifest
       FinalizeBuildStatus:
         Deleting file "Debug\OrderBook.unsuccessfulbuild".
         Touching "Debug\OrderBook.lastbuildstate".
     1>Done Building Project "C:\Users\Arunalu Hasakelum\Desktop\Qt pie charts\OrderBook\OrderBook.vcxproj" (build target(s)).

Build succeeded.

Time Elapsed 00:00:13.63
